<?xml version="1.0" encoding="UTF-8"?>
<!-- Generated by org.testng.reporters.JUnitReportReporter -->
<testsuite hostname="LAPTOP-PL6FGJN7" failures="0" tests="1" name="testCases.TC005_SearchProduct_Test" time="3.541" errors="0" timestamp="2025-07-25T18:49:14 IST" skipped="0">
  <testcase classname="testCases.TC005_SearchProduct_Test" name="Verify_Search_Func" time="3.541"/>
</testsuite> <!-- testCases.TC005_SearchProduct_Test -->
