<?xml version="1.0" encoding="UTF-8"?>
<!-- Generated by org.testng.reporters.JUnitReportReporter -->
<testsuite hostname="LAPTOP-PL6FGJN7" failures="0" tests="1" name="testCases.TC006_Searched_Prod_Added_To_Cart_Test" time="0.597" errors="0" timestamp="2025-07-25T18:49:14 IST" skipped="0">
  <testcase classname="testCases.TC006_Searched_Prod_Added_To_Cart_Test" name="Verify_SearchProdAddedToCartFunc" time="0.597"/>
</testsuite> <!-- testCases.TC006_Searched_Prod_Added_To_Cart_Test -->
