<?xml version="1.0" encoding="UTF-8"?>
<!-- Generated by org.testng.reporters.JUnitReportReporter -->
<testsuite hostname="LAPTOP-PL6FGJN7" failures="0" tests="1" name="testCases.TC002_Login_Test" time="5.070" errors="0" timestamp="2025-05-11T10:47:22 IST" skipped="0">
  <testcase classname="testCases.TC002_Login_Test" name="Verfiy_Login_Funct" time="5.070"/>
</testsuite> <!-- testCases.TC002_Login_Test -->
