<?xml version="1.0" encoding="UTF-8"?>
<!-- Generated by org.testng.reporters.JUnitReportReporter -->
<testsuite hostname="LAPTOP-PL6FGJN7" failures="0" tests="1" name="testCases.TC001_AccountRegistration_Test" time="12.295" errors="0" timestamp="2025-07-25T17:02:21 IST" skipped="0">
  <testcase classname="testCases.TC001_AccountRegistration_Test" name="Verify_Accnt_RegistrationPage" time="12.295"/>
</testsuite> <!-- testCases.TC001_AccountRegistration_Test -->
