<?xml version="1.0" encoding="UTF-8"?>
<!-- Generated by org.testng.reporters.JUnitReportReporter -->
<testsuite hostname="LAPTOP-PL6FGJN7" failures="0" tests="1" name="testCases.TC002_Login_Test" time="4.919" errors="0" timestamp="2025-07-25T18:49:14 IST" skipped="0">
  <testcase classname="testCases.TC002_Login_Test" name="Verfiy_Login_Funct" time="4.919"/>
</testsuite> <!-- testCases.TC002_Login_Test -->
